15:04:05 INFO  : Registering command handlers for Vitis TCF services
15:04:05 INFO  : Launching XSCT server: xsct.bat -n  -interactive D:\TKHTN\TKHN_CUOIKI\temp_xsdb_launch_script.tcl
15:04:08 INFO  : Platform repository initialization has completed.
15:04:08 INFO  : XSCT server has started successfully.
15:04:08 INFO  : Successfully done setting XSCT server connection channel  
15:04:08 INFO  : plnx-install-location is set to ''
15:04:08 INFO  : Successfully done query RDI_DATADIR 
15:04:08 INFO  : Successfully done setting workspace for the tool. 
15:04:51 INFO  : Result from executing command 'getProjects': design_1_wrapper
15:04:51 INFO  : Result from executing command 'getPlatforms': 
15:04:51 WARN  : An unexpected exception occurred in the module 'platform project logging'
15:04:51 INFO  : Platform 'design_1_wrapper' is added to custom repositories.
15:04:53 INFO  : Platform 'design_1_wrapper' is added to custom repositories.
15:06:52 INFO  : Result from executing command 'getProjects': design_1_wrapper
15:06:52 INFO  : Result from executing command 'getPlatforms': design_1_wrapper|D:/TKHTN/TKHN_CUOIKI/design_1_wrapper/export/design_1_wrapper/design_1_wrapper.xpfm
15:06:52 INFO  : Checking for BSP changes to sync application flags for project 'rfid_1'...
15:06:52 INFO  : Updating application flags with new BSP settings...
15:06:52 INFO  : Successfully updated application flags for project rfid_1.
15:13:12 INFO  : Checking for BSP changes to sync application flags for project 'rfid_1'...
15:15:07 INFO  : Checking for BSP changes to sync application flags for project 'rfid_1'...
15:17:21 INFO  : Checking for BSP changes to sync application flags for project 'rfid_1'...
15:17:25 INFO  : Checking for BSP changes to sync application flags for project 'rfid_1'...
15:17:41 INFO  : Checking for BSP changes to sync application flags for project 'rfid_1'...
15:19:57 INFO  : Checking for BSP changes to sync application flags for project 'rfid_1'...
15:23:30 INFO  : Checking for BSP changes to sync application flags for project 'rfid_1'...
15:27:37 INFO  : Checking for BSP changes to sync application flags for project 'rfid_1'...
15:30:14 INFO  : Connected to target on host '127.0.0.1' and port '3121'.
15:30:14 INFO  : Jtag cable 'Digilent Arty 210319A278D0A' is selected.
15:30:14 INFO  : 'jtag frequency' command is executed.
15:30:14 INFO  : 'targets -set -filter {jtag_cable_name =~ "Digilent Arty 210319A278D0A" && level==0 && jtag_device_ctx=="jsn-Arty-210319A278D0A-0362d093-0"}' command is executed.
15:30:16 INFO  : Device configured successfully with "D:/TKHTN/TKHN_CUOIKI/rfid_1/_ide/bitstream/design_1_wrapper.bit"
15:30:16 INFO  : Context for processor 'microblaze_0' is selected.
15:30:16 INFO  : Hardware design and registers information is loaded from 'D:/TKHTN/TKHN_CUOIKI/design_1_wrapper/export/design_1_wrapper/hw/design_1_wrapper.xsa'.
15:30:16 INFO  : 'configparams mdm-detect-bscan-mask 2' command is executed.
15:30:16 INFO  : Context for processor 'microblaze_0' is selected.
15:30:16 INFO  : System reset is completed.
15:30:19 INFO  : 'after 3000' command is executed.
15:30:19 INFO  : Context for processor 'microblaze_0' is selected.
15:30:19 INFO  : The application 'D:/TKHTN/TKHN_CUOIKI/rfid_1/Debug/rfid_1.elf' is downloaded to processor 'microblaze_0'.
15:30:19 INFO  : ----------------XSDB Script----------------
connect -url tcp:127.0.0.1:3121
targets -set -filter {jtag_cable_name =~ "Digilent Arty 210319A278D0A" && level==0 && jtag_device_ctx=="jsn-Arty-210319A278D0A-0362d093-0"}
fpga -file D:/TKHTN/TKHN_CUOIKI/rfid_1/_ide/bitstream/design_1_wrapper.bit
targets -set -nocase -filter {name =~ "*microblaze*#0" && bscan=="USER2" }
loadhw -hw D:/TKHTN/TKHN_CUOIKI/design_1_wrapper/export/design_1_wrapper/hw/design_1_wrapper.xsa -regs
configparams mdm-detect-bscan-mask 2
targets -set -nocase -filter {name =~ "*microblaze*#0" && bscan=="USER2" }
rst -system
after 3000
targets -set -nocase -filter {name =~ "*microblaze*#0" && bscan=="USER2" }
dow D:/TKHTN/TKHN_CUOIKI/rfid_1/Debug/rfid_1.elf
----------------End of Script----------------

15:30:19 INFO  : Context for processor 'microblaze_0' is selected.
15:30:19 INFO  : 'con' command is executed.
15:30:19 INFO  : ----------------XSDB Script (After Launch)----------------
targets -set -nocase -filter {name =~ "*microblaze*#0" && bscan=="USER2" }
con
----------------End of Script----------------

15:30:19 INFO  : Launch script is exported to file 'D:\TKHTN\TKHN_CUOIKI\rfid_1_system\_ide\scripts\debugger_rfid_1-default.tcl'
15:38:09 INFO  : Checking for BSP changes to sync application flags for project 'rfid_1'...
15:39:06 INFO  : Checking for BSP changes to sync application flags for project 'rfid_1'...
15:39:38 INFO  : Disconnected from the channel tcfchan#2.
15:39:39 INFO  : Connected to target on host '127.0.0.1' and port '3121'.
15:39:39 INFO  : Jtag cable 'Digilent Arty 210319A278D0A' is selected.
15:39:39 INFO  : 'jtag frequency' command is executed.
15:39:39 INFO  : 'targets -set -filter {jtag_cable_name =~ "Digilent Arty 210319A278D0A" && level==0 && jtag_device_ctx=="jsn-Arty-210319A278D0A-0362d093-0"}' command is executed.
15:39:41 INFO  : Device configured successfully with "D:/TKHTN/TKHN_CUOIKI/rfid_1/_ide/bitstream/design_1_wrapper.bit"
15:39:41 INFO  : Context for processor 'microblaze_0' is selected.
15:39:41 INFO  : Hardware design and registers information is loaded from 'D:/TKHTN/TKHN_CUOIKI/design_1_wrapper/export/design_1_wrapper/hw/design_1_wrapper.xsa'.
15:39:41 INFO  : 'configparams mdm-detect-bscan-mask 2' command is executed.
15:39:41 INFO  : Context for processor 'microblaze_0' is selected.
15:39:41 INFO  : System reset is completed.
15:39:44 INFO  : 'after 3000' command is executed.
15:39:44 INFO  : Context for processor 'microblaze_0' is selected.
15:39:44 INFO  : The application 'D:/TKHTN/TKHN_CUOIKI/rfid_1/Debug/rfid_1.elf' is downloaded to processor 'microblaze_0'.
15:39:44 INFO  : ----------------XSDB Script----------------
connect -url tcp:127.0.0.1:3121
targets -set -filter {jtag_cable_name =~ "Digilent Arty 210319A278D0A" && level==0 && jtag_device_ctx=="jsn-Arty-210319A278D0A-0362d093-0"}
fpga -file D:/TKHTN/TKHN_CUOIKI/rfid_1/_ide/bitstream/design_1_wrapper.bit
targets -set -nocase -filter {name =~ "*microblaze*#0" && bscan=="USER2" }
loadhw -hw D:/TKHTN/TKHN_CUOIKI/design_1_wrapper/export/design_1_wrapper/hw/design_1_wrapper.xsa -regs
configparams mdm-detect-bscan-mask 2
targets -set -nocase -filter {name =~ "*microblaze*#0" && bscan=="USER2" }
rst -system
after 3000
targets -set -nocase -filter {name =~ "*microblaze*#0" && bscan=="USER2" }
dow D:/TKHTN/TKHN_CUOIKI/rfid_1/Debug/rfid_1.elf
----------------End of Script----------------

15:39:44 INFO  : Context for processor 'microblaze_0' is selected.
15:39:44 INFO  : 'con' command is executed.
15:39:44 INFO  : ----------------XSDB Script (After Launch)----------------
targets -set -nocase -filter {name =~ "*microblaze*#0" && bscan=="USER2" }
con
----------------End of Script----------------

15:39:44 INFO  : Launch script is exported to file 'D:\TKHTN\TKHN_CUOIKI\rfid_1_system\_ide\scripts\debugger_rfid_1-default.tcl'
15:39:58 INFO  : Disconnected from the channel tcfchan#3.
15:39:59 INFO  : Connected to target on host '127.0.0.1' and port '3121'.
15:40:00 INFO  : Jtag cable 'Digilent Arty 210319A278D0A' is selected.
15:40:00 INFO  : 'jtag frequency' command is executed.
15:40:00 INFO  : 'targets -set -filter {jtag_cable_name =~ "Digilent Arty 210319A278D0A" && level==0 && jtag_device_ctx=="jsn-Arty-210319A278D0A-0362d093-0"}' command is executed.
15:40:01 INFO  : Device configured successfully with "D:/TKHTN/TKHN_CUOIKI/rfid_1/_ide/bitstream/design_1_wrapper.bit"
15:40:01 INFO  : Context for processor 'microblaze_0' is selected.
15:40:01 INFO  : Hardware design and registers information is loaded from 'D:/TKHTN/TKHN_CUOIKI/design_1_wrapper/export/design_1_wrapper/hw/design_1_wrapper.xsa'.
15:40:01 INFO  : 'configparams mdm-detect-bscan-mask 2' command is executed.
15:40:01 INFO  : Context for processor 'microblaze_0' is selected.
15:40:01 INFO  : System reset is completed.
15:40:04 INFO  : 'after 3000' command is executed.
15:40:04 INFO  : Context for processor 'microblaze_0' is selected.
15:40:04 INFO  : The application 'D:/TKHTN/TKHN_CUOIKI/rfid_1/Debug/rfid_1.elf' is downloaded to processor 'microblaze_0'.
15:40:04 INFO  : ----------------XSDB Script----------------
connect -url tcp:127.0.0.1:3121
targets -set -filter {jtag_cable_name =~ "Digilent Arty 210319A278D0A" && level==0 && jtag_device_ctx=="jsn-Arty-210319A278D0A-0362d093-0"}
fpga -file D:/TKHTN/TKHN_CUOIKI/rfid_1/_ide/bitstream/design_1_wrapper.bit
targets -set -nocase -filter {name =~ "*microblaze*#0" && bscan=="USER2" }
loadhw -hw D:/TKHTN/TKHN_CUOIKI/design_1_wrapper/export/design_1_wrapper/hw/design_1_wrapper.xsa -regs
configparams mdm-detect-bscan-mask 2
targets -set -nocase -filter {name =~ "*microblaze*#0" && bscan=="USER2" }
rst -system
after 3000
targets -set -nocase -filter {name =~ "*microblaze*#0" && bscan=="USER2" }
dow D:/TKHTN/TKHN_CUOIKI/rfid_1/Debug/rfid_1.elf
----------------End of Script----------------

15:40:04 INFO  : Context for processor 'microblaze_0' is selected.
15:40:04 INFO  : 'con' command is executed.
15:40:04 INFO  : ----------------XSDB Script (After Launch)----------------
targets -set -nocase -filter {name =~ "*microblaze*#0" && bscan=="USER2" }
con
----------------End of Script----------------

15:40:04 INFO  : Launch script is exported to file 'D:\TKHTN\TKHN_CUOIKI\rfid_1_system\_ide\scripts\debugger_rfid_1-default.tcl'
15:42:14 INFO  : Checking for BSP changes to sync application flags for project 'rfid_1'...
15:43:37 INFO  : Checking for BSP changes to sync application flags for project 'rfid_1'...
15:43:50 INFO  : Disconnected from the channel tcfchan#4.
15:43:51 INFO  : Connected to target on host '127.0.0.1' and port '3121'.
15:43:51 INFO  : Jtag cable 'Digilent Arty 210319A278D0A' is selected.
15:43:51 INFO  : 'jtag frequency' command is executed.
15:43:51 INFO  : 'targets -set -filter {jtag_cable_name =~ "Digilent Arty 210319A278D0A" && level==0 && jtag_device_ctx=="jsn-Arty-210319A278D0A-0362d093-0"}' command is executed.
15:43:53 INFO  : Device configured successfully with "D:/TKHTN/TKHN_CUOIKI/rfid_1/_ide/bitstream/design_1_wrapper.bit"
15:43:53 INFO  : Context for processor 'microblaze_0' is selected.
15:43:53 INFO  : Hardware design and registers information is loaded from 'D:/TKHTN/TKHN_CUOIKI/design_1_wrapper/export/design_1_wrapper/hw/design_1_wrapper.xsa'.
15:43:53 INFO  : 'configparams mdm-detect-bscan-mask 2' command is executed.
15:43:53 INFO  : Context for processor 'microblaze_0' is selected.
15:43:53 INFO  : System reset is completed.
15:43:56 INFO  : 'after 3000' command is executed.
15:43:56 INFO  : Context for processor 'microblaze_0' is selected.
15:43:56 INFO  : The application 'D:/TKHTN/TKHN_CUOIKI/rfid_1/Debug/rfid_1.elf' is downloaded to processor 'microblaze_0'.
15:43:56 INFO  : ----------------XSDB Script----------------
connect -url tcp:127.0.0.1:3121
targets -set -filter {jtag_cable_name =~ "Digilent Arty 210319A278D0A" && level==0 && jtag_device_ctx=="jsn-Arty-210319A278D0A-0362d093-0"}
fpga -file D:/TKHTN/TKHN_CUOIKI/rfid_1/_ide/bitstream/design_1_wrapper.bit
targets -set -nocase -filter {name =~ "*microblaze*#0" && bscan=="USER2" }
loadhw -hw D:/TKHTN/TKHN_CUOIKI/design_1_wrapper/export/design_1_wrapper/hw/design_1_wrapper.xsa -regs
configparams mdm-detect-bscan-mask 2
targets -set -nocase -filter {name =~ "*microblaze*#0" && bscan=="USER2" }
rst -system
after 3000
targets -set -nocase -filter {name =~ "*microblaze*#0" && bscan=="USER2" }
dow D:/TKHTN/TKHN_CUOIKI/rfid_1/Debug/rfid_1.elf
----------------End of Script----------------

15:43:56 INFO  : Context for processor 'microblaze_0' is selected.
15:43:56 INFO  : 'con' command is executed.
15:43:56 INFO  : ----------------XSDB Script (After Launch)----------------
targets -set -nocase -filter {name =~ "*microblaze*#0" && bscan=="USER2" }
con
----------------End of Script----------------

15:43:56 INFO  : Launch script is exported to file 'D:\TKHTN\TKHN_CUOIKI\rfid_1_system\_ide\scripts\debugger_rfid_1-default.tcl'
15:44:51 INFO  : Disconnected from the channel tcfchan#5.
15:44:52 INFO  : Connected to target on host '127.0.0.1' and port '3121'.
15:44:52 INFO  : Jtag cable 'Digilent Arty 210319A278D0A' is selected.
15:44:52 INFO  : 'jtag frequency' command is executed.
15:44:52 INFO  : 'targets -set -filter {jtag_cable_name =~ "Digilent Arty 210319A278D0A" && level==0 && jtag_device_ctx=="jsn-Arty-210319A278D0A-0362d093-0"}' command is executed.
15:44:53 INFO  : Device configured successfully with "D:/TKHTN/TKHN_CUOIKI/rfid_1/_ide/bitstream/design_1_wrapper.bit"
15:44:53 INFO  : Context for processor 'microblaze_0' is selected.
15:44:53 INFO  : Hardware design and registers information is loaded from 'D:/TKHTN/TKHN_CUOIKI/design_1_wrapper/export/design_1_wrapper/hw/design_1_wrapper.xsa'.
15:44:53 INFO  : 'configparams mdm-detect-bscan-mask 2' command is executed.
15:44:53 INFO  : Context for processor 'microblaze_0' is selected.
15:44:53 INFO  : System reset is completed.
15:44:56 INFO  : 'after 3000' command is executed.
15:44:56 INFO  : Context for processor 'microblaze_0' is selected.
15:44:56 INFO  : The application 'D:/TKHTN/TKHN_CUOIKI/rfid_1/Debug/rfid_1.elf' is downloaded to processor 'microblaze_0'.
15:44:56 INFO  : ----------------XSDB Script----------------
connect -url tcp:127.0.0.1:3121
targets -set -filter {jtag_cable_name =~ "Digilent Arty 210319A278D0A" && level==0 && jtag_device_ctx=="jsn-Arty-210319A278D0A-0362d093-0"}
fpga -file D:/TKHTN/TKHN_CUOIKI/rfid_1/_ide/bitstream/design_1_wrapper.bit
targets -set -nocase -filter {name =~ "*microblaze*#0" && bscan=="USER2" }
loadhw -hw D:/TKHTN/TKHN_CUOIKI/design_1_wrapper/export/design_1_wrapper/hw/design_1_wrapper.xsa -regs
configparams mdm-detect-bscan-mask 2
targets -set -nocase -filter {name =~ "*microblaze*#0" && bscan=="USER2" }
rst -system
after 3000
targets -set -nocase -filter {name =~ "*microblaze*#0" && bscan=="USER2" }
dow D:/TKHTN/TKHN_CUOIKI/rfid_1/Debug/rfid_1.elf
----------------End of Script----------------

15:44:56 INFO  : Context for processor 'microblaze_0' is selected.
15:44:56 INFO  : 'con' command is executed.
15:44:56 INFO  : ----------------XSDB Script (After Launch)----------------
targets -set -nocase -filter {name =~ "*microblaze*#0" && bscan=="USER2" }
con
----------------End of Script----------------

15:44:56 INFO  : Launch script is exported to file 'D:\TKHTN\TKHN_CUOIKI\rfid_1_system\_ide\scripts\debugger_rfid_1-default.tcl'
15:47:14 INFO  : Disconnected from the channel tcfchan#6.
15:47:15 INFO  : Connected to target on host '127.0.0.1' and port '3121'.
15:47:16 INFO  : Jtag cable 'Digilent Arty 210319A278D0A' is selected.
15:47:16 INFO  : 'jtag frequency' command is executed.
15:47:16 INFO  : 'targets -set -filter {jtag_cable_name =~ "Digilent Arty 210319A278D0A" && level==0 && jtag_device_ctx=="jsn-Arty-210319A278D0A-0362d093-0"}' command is executed.
15:47:17 INFO  : Device configured successfully with "D:/TKHTN/TKHN_CUOIKI/rfid_1/_ide/bitstream/design_1_wrapper.bit"
15:47:17 INFO  : Context for processor 'microblaze_0' is selected.
15:47:17 INFO  : Hardware design and registers information is loaded from 'D:/TKHTN/TKHN_CUOIKI/design_1_wrapper/export/design_1_wrapper/hw/design_1_wrapper.xsa'.
15:47:17 INFO  : 'configparams mdm-detect-bscan-mask 2' command is executed.
15:47:17 INFO  : Context for processor 'microblaze_0' is selected.
15:47:17 INFO  : System reset is completed.
15:47:20 INFO  : 'after 3000' command is executed.
15:47:20 INFO  : Context for processor 'microblaze_0' is selected.
15:47:20 INFO  : The application 'D:/TKHTN/TKHN_CUOIKI/rfid_1/Debug/rfid_1.elf' is downloaded to processor 'microblaze_0'.
15:47:20 INFO  : ----------------XSDB Script----------------
connect -url tcp:127.0.0.1:3121
targets -set -filter {jtag_cable_name =~ "Digilent Arty 210319A278D0A" && level==0 && jtag_device_ctx=="jsn-Arty-210319A278D0A-0362d093-0"}
fpga -file D:/TKHTN/TKHN_CUOIKI/rfid_1/_ide/bitstream/design_1_wrapper.bit
targets -set -nocase -filter {name =~ "*microblaze*#0" && bscan=="USER2" }
loadhw -hw D:/TKHTN/TKHN_CUOIKI/design_1_wrapper/export/design_1_wrapper/hw/design_1_wrapper.xsa -regs
configparams mdm-detect-bscan-mask 2
targets -set -nocase -filter {name =~ "*microblaze*#0" && bscan=="USER2" }
rst -system
after 3000
targets -set -nocase -filter {name =~ "*microblaze*#0" && bscan=="USER2" }
dow D:/TKHTN/TKHN_CUOIKI/rfid_1/Debug/rfid_1.elf
----------------End of Script----------------

15:47:20 INFO  : Context for processor 'microblaze_0' is selected.
15:47:20 INFO  : 'con' command is executed.
15:47:20 INFO  : ----------------XSDB Script (After Launch)----------------
targets -set -nocase -filter {name =~ "*microblaze*#0" && bscan=="USER2" }
con
----------------End of Script----------------

15:47:20 INFO  : Launch script is exported to file 'D:\TKHTN\TKHN_CUOIKI\rfid_1_system\_ide\scripts\systemdebugger_rfid_1_system_standalone.tcl'
15:47:56 INFO  : Disconnected from the channel tcfchan#7.
15:47:56 INFO  : Connected to target on host '127.0.0.1' and port '3121'.
15:47:56 INFO  : Jtag cable 'Digilent Arty 210319A278D0A' is selected.
15:47:56 INFO  : 'jtag frequency' command is executed.
15:47:56 INFO  : 'targets -set -filter {jtag_cable_name =~ "Digilent Arty 210319A278D0A" && level==0 && jtag_device_ctx=="jsn-Arty-210319A278D0A-0362d093-0"}' command is executed.
15:47:57 INFO  : Device configured successfully with "D:/TKHTN/TKHN_CUOIKI/rfid_1/_ide/bitstream/design_1_wrapper.bit"
15:47:57 INFO  : Context for processor 'microblaze_0' is selected.
15:47:57 INFO  : Hardware design and registers information is loaded from 'D:/TKHTN/TKHN_CUOIKI/design_1_wrapper/export/design_1_wrapper/hw/design_1_wrapper.xsa'.
15:47:57 INFO  : 'configparams mdm-detect-bscan-mask 2' command is executed.
15:47:57 INFO  : Context for processor 'microblaze_0' is selected.
15:47:57 INFO  : System reset is completed.
15:48:00 INFO  : 'after 3000' command is executed.
15:48:00 INFO  : Context for processor 'microblaze_0' is selected.
15:48:00 INFO  : The application 'D:/TKHTN/TKHN_CUOIKI/rfid_1/Debug/rfid_1.elf' is downloaded to processor 'microblaze_0'.
15:48:00 INFO  : ----------------XSDB Script----------------
connect -url tcp:127.0.0.1:3121
targets -set -filter {jtag_cable_name =~ "Digilent Arty 210319A278D0A" && level==0 && jtag_device_ctx=="jsn-Arty-210319A278D0A-0362d093-0"}
fpga -file D:/TKHTN/TKHN_CUOIKI/rfid_1/_ide/bitstream/design_1_wrapper.bit
targets -set -nocase -filter {name =~ "*microblaze*#0" && bscan=="USER2" }
loadhw -hw D:/TKHTN/TKHN_CUOIKI/design_1_wrapper/export/design_1_wrapper/hw/design_1_wrapper.xsa -regs
configparams mdm-detect-bscan-mask 2
targets -set -nocase -filter {name =~ "*microblaze*#0" && bscan=="USER2" }
rst -system
after 3000
targets -set -nocase -filter {name =~ "*microblaze*#0" && bscan=="USER2" }
dow D:/TKHTN/TKHN_CUOIKI/rfid_1/Debug/rfid_1.elf
----------------End of Script----------------

15:48:00 INFO  : Context for processor 'microblaze_0' is selected.
15:48:00 INFO  : 'con' command is executed.
15:48:00 INFO  : ----------------XSDB Script (After Launch)----------------
targets -set -nocase -filter {name =~ "*microblaze*#0" && bscan=="USER2" }
con
----------------End of Script----------------

15:48:00 INFO  : Launch script is exported to file 'D:\TKHTN\TKHN_CUOIKI\rfid_1_system\_ide\scripts\systemdebugger_rfid_1_system_standalone.tcl'
15:48:25 INFO  : Disconnected from the channel tcfchan#8.
15:48:26 INFO  : Connected to target on host '127.0.0.1' and port '3121'.
15:48:26 INFO  : Jtag cable 'Digilent Arty 210319A278D0A' is selected.
15:48:26 INFO  : 'jtag frequency' command is executed.
15:48:26 INFO  : 'targets -set -filter {jtag_cable_name =~ "Digilent Arty 210319A278D0A" && level==0 && jtag_device_ctx=="jsn-Arty-210319A278D0A-0362d093-0"}' command is executed.
15:48:28 INFO  : Device configured successfully with "D:/TKHTN/TKHN_CUOIKI/rfid_1/_ide/bitstream/design_1_wrapper.bit"
15:48:28 INFO  : Context for processor 'microblaze_0' is selected.
15:48:28 INFO  : Hardware design and registers information is loaded from 'D:/TKHTN/TKHN_CUOIKI/design_1_wrapper/export/design_1_wrapper/hw/design_1_wrapper.xsa'.
15:48:28 INFO  : 'configparams mdm-detect-bscan-mask 2' command is executed.
15:48:28 INFO  : Context for processor 'microblaze_0' is selected.
15:48:28 INFO  : System reset is completed.
15:48:31 INFO  : 'after 3000' command is executed.
15:48:31 INFO  : Context for processor 'microblaze_0' is selected.
15:48:31 INFO  : The application 'D:/TKHTN/TKHN_CUOIKI/rfid_1/Debug/rfid_1.elf' is downloaded to processor 'microblaze_0'.
15:48:31 INFO  : ----------------XSDB Script----------------
connect -url tcp:127.0.0.1:3121
targets -set -filter {jtag_cable_name =~ "Digilent Arty 210319A278D0A" && level==0 && jtag_device_ctx=="jsn-Arty-210319A278D0A-0362d093-0"}
fpga -file D:/TKHTN/TKHN_CUOIKI/rfid_1/_ide/bitstream/design_1_wrapper.bit
targets -set -nocase -filter {name =~ "*microblaze*#0" && bscan=="USER2" }
loadhw -hw D:/TKHTN/TKHN_CUOIKI/design_1_wrapper/export/design_1_wrapper/hw/design_1_wrapper.xsa -regs
configparams mdm-detect-bscan-mask 2
targets -set -nocase -filter {name =~ "*microblaze*#0" && bscan=="USER2" }
rst -system
after 3000
targets -set -nocase -filter {name =~ "*microblaze*#0" && bscan=="USER2" }
dow D:/TKHTN/TKHN_CUOIKI/rfid_1/Debug/rfid_1.elf
----------------End of Script----------------

15:48:31 INFO  : Context for processor 'microblaze_0' is selected.
15:48:31 INFO  : 'con' command is executed.
15:48:31 INFO  : ----------------XSDB Script (After Launch)----------------
targets -set -nocase -filter {name =~ "*microblaze*#0" && bscan=="USER2" }
con
----------------End of Script----------------

15:48:31 INFO  : Launch script is exported to file 'D:\TKHTN\TKHN_CUOIKI\rfid_1_system\_ide\scripts\debugger_rfid_1-default.tcl'
15:50:41 INFO  : Disconnected from the channel tcfchan#9.
15:50:42 INFO  : Connected to target on host '127.0.0.1' and port '3121'.
15:50:42 INFO  : Jtag cable 'Digilent Arty 210319A278D0A' is selected.
15:50:42 INFO  : 'jtag frequency' command is executed.
15:50:42 INFO  : 'targets -set -filter {jtag_cable_name =~ "Digilent Arty 210319A278D0A" && level==0 && jtag_device_ctx=="jsn-Arty-210319A278D0A-0362d093-0"}' command is executed.
15:50:44 INFO  : Device configured successfully with "D:/TKHTN/TKHN_CUOIKI/rfid_1/_ide/bitstream/design_1_wrapper.bit"
15:50:44 INFO  : Context for processor 'microblaze_0' is selected.
15:50:44 INFO  : Hardware design and registers information is loaded from 'D:/TKHTN/TKHN_CUOIKI/design_1_wrapper/export/design_1_wrapper/hw/design_1_wrapper.xsa'.
15:50:44 INFO  : 'configparams mdm-detect-bscan-mask 2' command is executed.
15:50:44 INFO  : Context for processor 'microblaze_0' is selected.
15:50:44 INFO  : System reset is completed.
15:50:47 INFO  : 'after 3000' command is executed.
15:50:47 INFO  : Context for processor 'microblaze_0' is selected.
15:50:47 INFO  : The application 'D:/TKHTN/TKHN_CUOIKI/rfid_1/Debug/rfid_1.elf' is downloaded to processor 'microblaze_0'.
15:50:47 INFO  : ----------------XSDB Script----------------
connect -url tcp:127.0.0.1:3121
targets -set -filter {jtag_cable_name =~ "Digilent Arty 210319A278D0A" && level==0 && jtag_device_ctx=="jsn-Arty-210319A278D0A-0362d093-0"}
fpga -file D:/TKHTN/TKHN_CUOIKI/rfid_1/_ide/bitstream/design_1_wrapper.bit
targets -set -nocase -filter {name =~ "*microblaze*#0" && bscan=="USER2" }
loadhw -hw D:/TKHTN/TKHN_CUOIKI/design_1_wrapper/export/design_1_wrapper/hw/design_1_wrapper.xsa -regs
configparams mdm-detect-bscan-mask 2
targets -set -nocase -filter {name =~ "*microblaze*#0" && bscan=="USER2" }
rst -system
after 3000
targets -set -nocase -filter {name =~ "*microblaze*#0" && bscan=="USER2" }
dow D:/TKHTN/TKHN_CUOIKI/rfid_1/Debug/rfid_1.elf
----------------End of Script----------------

15:50:47 INFO  : Context for processor 'microblaze_0' is selected.
15:50:47 INFO  : 'con' command is executed.
15:50:47 INFO  : ----------------XSDB Script (After Launch)----------------
targets -set -nocase -filter {name =~ "*microblaze*#0" && bscan=="USER2" }
con
----------------End of Script----------------

15:50:47 INFO  : Launch script is exported to file 'D:\TKHTN\TKHN_CUOIKI\rfid_1_system\_ide\scripts\debugger_rfid_1-default.tcl'
16:20:09 INFO  : Disconnected from the channel tcfchan#10.
16:20:10 INFO  : Connected to target on host '127.0.0.1' and port '3121'.
16:20:10 INFO  : Jtag cable 'Digilent Arty 210319A278D0A' is selected.
16:20:10 INFO  : 'jtag frequency' command is executed.
16:20:10 INFO  : 'targets -set -filter {jtag_cable_name =~ "Digilent Arty 210319A278D0A" && level==0 && jtag_device_ctx=="jsn-Arty-210319A278D0A-0362d093-0"}' command is executed.
16:20:11 INFO  : Device configured successfully with "D:/TKHTN/TKHN_CUOIKI/rfid_1/_ide/bitstream/design_1_wrapper.bit"
16:20:11 INFO  : Context for processor 'microblaze_0' is selected.
16:20:11 INFO  : Hardware design and registers information is loaded from 'D:/TKHTN/TKHN_CUOIKI/design_1_wrapper/export/design_1_wrapper/hw/design_1_wrapper.xsa'.
16:20:11 INFO  : 'configparams mdm-detect-bscan-mask 2' command is executed.
16:20:11 INFO  : Context for processor 'microblaze_0' is selected.
16:20:11 INFO  : System reset is completed.
16:20:14 INFO  : 'after 3000' command is executed.
16:20:14 INFO  : Context for processor 'microblaze_0' is selected.
16:20:14 INFO  : The application 'D:/TKHTN/TKHN_CUOIKI/rfid_1/Debug/rfid_1.elf' is downloaded to processor 'microblaze_0'.
16:20:14 INFO  : ----------------XSDB Script----------------
connect -url tcp:127.0.0.1:3121
targets -set -filter {jtag_cable_name =~ "Digilent Arty 210319A278D0A" && level==0 && jtag_device_ctx=="jsn-Arty-210319A278D0A-0362d093-0"}
fpga -file D:/TKHTN/TKHN_CUOIKI/rfid_1/_ide/bitstream/design_1_wrapper.bit
targets -set -nocase -filter {name =~ "*microblaze*#0" && bscan=="USER2" }
loadhw -hw D:/TKHTN/TKHN_CUOIKI/design_1_wrapper/export/design_1_wrapper/hw/design_1_wrapper.xsa -regs
configparams mdm-detect-bscan-mask 2
targets -set -nocase -filter {name =~ "*microblaze*#0" && bscan=="USER2" }
rst -system
after 3000
targets -set -nocase -filter {name =~ "*microblaze*#0" && bscan=="USER2" }
dow D:/TKHTN/TKHN_CUOIKI/rfid_1/Debug/rfid_1.elf
----------------End of Script----------------

16:20:14 INFO  : Context for processor 'microblaze_0' is selected.
16:20:15 INFO  : 'con' command is executed.
16:20:15 INFO  : ----------------XSDB Script (After Launch)----------------
targets -set -nocase -filter {name =~ "*microblaze*#0" && bscan=="USER2" }
con
----------------End of Script----------------

16:20:15 INFO  : Launch script is exported to file 'D:\TKHTN\TKHN_CUOIKI\rfid_1_system\_ide\scripts\debugger_rfid_1-default.tcl'
21:21:47 INFO  : Disconnected from the channel tcfchan#11.
15:42:28 INFO  : Launching XSCT server: xsct.bat -n  -interactive D:\TKHTN\TKHN_CUOIKI\temp_xsdb_launch_script.tcl
15:42:31 INFO  : XSCT server has started successfully.
15:42:31 INFO  : Successfully done setting XSCT server connection channel  
15:42:31 INFO  : plnx-install-location is set to ''
15:42:31 INFO  : Successfully done setting workspace for the tool. 
15:42:34 INFO  : Platform repository initialization has completed.
15:42:34 INFO  : Registering command handlers for Vitis TCF services
15:42:38 INFO  : Successfully done query RDI_DATADIR 
15:43:17 INFO  : Hardware specification for platform project 'design_1_wrapper' is updated.
16:02:07 INFO  : Result from executing command 'getProjects': design_1_wrapper
16:02:07 INFO  : Result from executing command 'getPlatforms': design_1_wrapper|D:/TKHTN/TKHN_CUOIKI/design_1_wrapper/export/design_1_wrapper/design_1_wrapper.xpfm
16:02:08 INFO  : Checking for BSP changes to sync application flags for project 'rfid_1'...
16:02:29 INFO  : Checking for BSP changes to sync application flags for project 'rfid_1'...
16:02:35 INFO  : Checking for BSP changes to sync application flags for project 'rfid_1'...
16:02:40 INFO  : Checking for BSP changes to sync application flags for project 'rfid_1'...
16:05:48 INFO  : Checking for BSP changes to sync application flags for project 'rfid_1'...
16:13:04 INFO  : The hardware specfication used by project 'rfid_1' is out of sync with the platform. Resource files extracted from the hardware specfiication will be updated.
16:13:04 INFO  : The file 'D:\TKHTN\TKHN_CUOIKI\rfid_1\_ide\bitstream\design_1_wrapper.bit' stored in project is removed.
16:13:04 INFO  : The file 'D:\TKHTN\TKHN_CUOIKI\rfid_1\_ide\bitstream\design_1_wrapper.mmi' stored in project is removed.
16:13:04 INFO  : The updated bitstream files are copied from platform to folder 'D:\TKHTN\TKHN_CUOIKI\rfid_1\_ide\bitstream' in project 'rfid_1'.
16:13:07 INFO  : Connected to target on host '127.0.0.1' and port '3121'.
16:13:07 INFO  : Jtag cable 'Digilent Arty 210319A278D0A' is selected.
16:13:07 INFO  : 'jtag frequency' command is executed.
16:13:07 INFO  : 'targets -set -filter {jtag_cable_name =~ "Digilent Arty 210319A278D0A" && level==0 && jtag_device_ctx=="jsn-Arty-210319A278D0A-0362d093-0"}' command is executed.
16:13:09 INFO  : Device configured successfully with "D:/TKHTN/TKHN_CUOIKI/rfid_1/_ide/bitstream/design_1_wrapper.bit"
16:13:09 INFO  : Context for processor 'microblaze_0' is selected.
16:13:09 INFO  : Hardware design and registers information is loaded from 'D:/TKHTN/TKHN_CUOIKI/design_1_wrapper/export/design_1_wrapper/hw/design_1_wrapper.xsa'.
16:13:09 INFO  : 'configparams mdm-detect-bscan-mask 2' command is executed.
16:13:09 INFO  : Context for processor 'microblaze_0' is selected.
16:13:09 INFO  : System reset is completed.
16:13:12 INFO  : 'after 3000' command is executed.
16:13:12 INFO  : Context for processor 'microblaze_0' is selected.
16:13:12 INFO  : The application 'D:/TKHTN/TKHN_CUOIKI/rfid_1/Debug/rfid_1.elf' is downloaded to processor 'microblaze_0'.
16:13:12 INFO  : ----------------XSDB Script----------------
connect -url tcp:127.0.0.1:3121
targets -set -filter {jtag_cable_name =~ "Digilent Arty 210319A278D0A" && level==0 && jtag_device_ctx=="jsn-Arty-210319A278D0A-0362d093-0"}
fpga -file D:/TKHTN/TKHN_CUOIKI/rfid_1/_ide/bitstream/design_1_wrapper.bit
targets -set -nocase -filter {name =~ "*microblaze*#0" && bscan=="USER2" }
loadhw -hw D:/TKHTN/TKHN_CUOIKI/design_1_wrapper/export/design_1_wrapper/hw/design_1_wrapper.xsa -regs
configparams mdm-detect-bscan-mask 2
targets -set -nocase -filter {name =~ "*microblaze*#0" && bscan=="USER2" }
rst -system
after 3000
targets -set -nocase -filter {name =~ "*microblaze*#0" && bscan=="USER2" }
dow D:/TKHTN/TKHN_CUOIKI/rfid_1/Debug/rfid_1.elf
----------------End of Script----------------

16:13:12 INFO  : Context for processor 'microblaze_0' is selected.
16:13:12 INFO  : 'con' command is executed.
16:13:12 INFO  : ----------------XSDB Script (After Launch)----------------
targets -set -nocase -filter {name =~ "*microblaze*#0" && bscan=="USER2" }
con
----------------End of Script----------------

16:13:12 INFO  : Launch script is exported to file 'D:\TKHTN\TKHN_CUOIKI\rfid_1_system\_ide\scripts\systemdebugger_rfid_1_system_standalone.tcl'
16:13:28 INFO  : Disconnected from the channel tcfchan#2.
16:13:28 INFO  : Connected to target on host '127.0.0.1' and port '3121'.
16:13:28 INFO  : Jtag cable 'Digilent Arty 210319A278D0A' is selected.
16:13:28 INFO  : 'jtag frequency' command is executed.
16:13:28 INFO  : 'targets -set -filter {jtag_cable_name =~ "Digilent Arty 210319A278D0A" && level==0 && jtag_device_ctx=="jsn-Arty-210319A278D0A-0362d093-0"}' command is executed.
16:13:29 INFO  : Device configured successfully with "D:/TKHTN/TKHN_CUOIKI/rfid_1/_ide/bitstream/design_1_wrapper.bit"
16:13:29 INFO  : Context for processor 'microblaze_0' is selected.
16:13:30 INFO  : Hardware design and registers information is loaded from 'D:/TKHTN/TKHN_CUOIKI/design_1_wrapper/export/design_1_wrapper/hw/design_1_wrapper.xsa'.
16:13:30 INFO  : 'configparams mdm-detect-bscan-mask 2' command is executed.
16:13:30 INFO  : Context for processor 'microblaze_0' is selected.
16:13:30 INFO  : System reset is completed.
16:13:33 INFO  : 'after 3000' command is executed.
16:13:33 INFO  : Context for processor 'microblaze_0' is selected.
16:13:33 INFO  : The application 'D:/TKHTN/TKHN_CUOIKI/rfid_1/Debug/rfid_1.elf' is downloaded to processor 'microblaze_0'.
16:13:33 INFO  : ----------------XSDB Script----------------
connect -url tcp:127.0.0.1:3121
targets -set -filter {jtag_cable_name =~ "Digilent Arty 210319A278D0A" && level==0 && jtag_device_ctx=="jsn-Arty-210319A278D0A-0362d093-0"}
fpga -file D:/TKHTN/TKHN_CUOIKI/rfid_1/_ide/bitstream/design_1_wrapper.bit
targets -set -nocase -filter {name =~ "*microblaze*#0" && bscan=="USER2" }
loadhw -hw D:/TKHTN/TKHN_CUOIKI/design_1_wrapper/export/design_1_wrapper/hw/design_1_wrapper.xsa -regs
configparams mdm-detect-bscan-mask 2
targets -set -nocase -filter {name =~ "*microblaze*#0" && bscan=="USER2" }
rst -system
after 3000
targets -set -nocase -filter {name =~ "*microblaze*#0" && bscan=="USER2" }
dow D:/TKHTN/TKHN_CUOIKI/rfid_1/Debug/rfid_1.elf
----------------End of Script----------------

16:13:33 INFO  : Context for processor 'microblaze_0' is selected.
16:13:33 INFO  : 'con' command is executed.
16:13:33 INFO  : ----------------XSDB Script (After Launch)----------------
targets -set -nocase -filter {name =~ "*microblaze*#0" && bscan=="USER2" }
con
----------------End of Script----------------

16:13:33 INFO  : Launch script is exported to file 'D:\TKHTN\TKHN_CUOIKI\rfid_1_system\_ide\scripts\systemdebugger_rfid_1_system_standalone.tcl'
16:14:55 INFO  : Disconnected from the channel tcfchan#3.
16:14:55 INFO  : Connected to target on host '127.0.0.1' and port '3121'.
16:14:55 INFO  : Jtag cable 'Digilent Arty 210319A278D0A' is selected.
16:14:55 INFO  : 'jtag frequency' command is executed.
16:14:55 INFO  : 'targets -set -filter {jtag_cable_name =~ "Digilent Arty 210319A278D0A" && level==0 && jtag_device_ctx=="jsn-Arty-210319A278D0A-0362d093-0"}' command is executed.
16:14:57 INFO  : Device configured successfully with "D:/TKHTN/TKHN_CUOIKI/rfid_1/_ide/bitstream/design_1_wrapper.bit"
16:14:57 INFO  : Context for processor 'microblaze_0' is selected.
16:14:57 INFO  : Hardware design and registers information is loaded from 'D:/TKHTN/TKHN_CUOIKI/design_1_wrapper/export/design_1_wrapper/hw/design_1_wrapper.xsa'.
16:14:57 INFO  : 'configparams mdm-detect-bscan-mask 2' command is executed.
16:14:57 INFO  : Context for processor 'microblaze_0' is selected.
16:14:57 INFO  : System reset is completed.
16:15:00 INFO  : 'after 3000' command is executed.
16:15:00 INFO  : Context for processor 'microblaze_0' is selected.
16:15:00 INFO  : The application 'D:/TKHTN/TKHN_CUOIKI/rfid_1/Debug/rfid_1.elf' is downloaded to processor 'microblaze_0'.
16:15:00 INFO  : ----------------XSDB Script----------------
connect -url tcp:127.0.0.1:3121
targets -set -filter {jtag_cable_name =~ "Digilent Arty 210319A278D0A" && level==0 && jtag_device_ctx=="jsn-Arty-210319A278D0A-0362d093-0"}
fpga -file D:/TKHTN/TKHN_CUOIKI/rfid_1/_ide/bitstream/design_1_wrapper.bit
targets -set -nocase -filter {name =~ "*microblaze*#0" && bscan=="USER2" }
loadhw -hw D:/TKHTN/TKHN_CUOIKI/design_1_wrapper/export/design_1_wrapper/hw/design_1_wrapper.xsa -regs
configparams mdm-detect-bscan-mask 2
targets -set -nocase -filter {name =~ "*microblaze*#0" && bscan=="USER2" }
rst -system
after 3000
targets -set -nocase -filter {name =~ "*microblaze*#0" && bscan=="USER2" }
dow D:/TKHTN/TKHN_CUOIKI/rfid_1/Debug/rfid_1.elf
----------------End of Script----------------

16:15:00 INFO  : Context for processor 'microblaze_0' is selected.
16:15:00 INFO  : 'con' command is executed.
16:15:00 INFO  : ----------------XSDB Script (After Launch)----------------
targets -set -nocase -filter {name =~ "*microblaze*#0" && bscan=="USER2" }
con
----------------End of Script----------------

16:15:00 INFO  : Launch script is exported to file 'D:\TKHTN\TKHN_CUOIKI\rfid_1_system\_ide\scripts\systemdebugger_rfid_1_system_standalone.tcl'
16:15:22 INFO  : Checking for BSP changes to sync application flags for project 'rfid_1'...
16:15:41 INFO  : Connected to target on host '127.0.0.1' and port '3121'.
16:15:41 INFO  : Disconnected from the channel tcfchan#4.
16:15:41 INFO  : ----------------XSDB Script----------------
connect -url tcp:127.0.0.1:3121
----------------End of Script----------------

16:15:41 ERROR : 
16:15:49 INFO  : Connected to target on host '127.0.0.1' and port '3121'.
16:15:49 INFO  : Jtag cable 'Digilent Arty 210319A278D0A' is selected.
16:15:49 INFO  : 'jtag frequency' command is executed.
16:15:49 INFO  : 'targets -set -filter {jtag_cable_name =~ "Digilent Arty 210319A278D0A" && level==0 && jtag_device_ctx=="jsn-Arty-210319A278D0A-0362d093-0"}' command is executed.
16:15:50 INFO  : Device configured successfully with "D:/TKHTN/TKHN_CUOIKI/rfid_1/_ide/bitstream/design_1_wrapper.bit"
16:15:50 INFO  : Context for processor 'microblaze_0' is selected.
16:15:50 INFO  : Hardware design and registers information is loaded from 'D:/TKHTN/TKHN_CUOIKI/design_1_wrapper/export/design_1_wrapper/hw/design_1_wrapper.xsa'.
16:15:50 INFO  : 'configparams mdm-detect-bscan-mask 2' command is executed.
16:15:50 INFO  : Context for processor 'microblaze_0' is selected.
16:15:50 INFO  : System reset is completed.
16:15:53 INFO  : 'after 3000' command is executed.
16:15:53 INFO  : Context for processor 'microblaze_0' is selected.
16:15:54 INFO  : The application 'D:/TKHTN/TKHN_CUOIKI/rfid_1/Debug/rfid_1.elf' is downloaded to processor 'microblaze_0'.
16:15:54 INFO  : ----------------XSDB Script----------------
connect -url tcp:127.0.0.1:3121
targets -set -filter {jtag_cable_name =~ "Digilent Arty 210319A278D0A" && level==0 && jtag_device_ctx=="jsn-Arty-210319A278D0A-0362d093-0"}
fpga -file D:/TKHTN/TKHN_CUOIKI/rfid_1/_ide/bitstream/design_1_wrapper.bit
targets -set -nocase -filter {name =~ "*microblaze*#0" && bscan=="USER2" }
loadhw -hw D:/TKHTN/TKHN_CUOIKI/design_1_wrapper/export/design_1_wrapper/hw/design_1_wrapper.xsa -regs
configparams mdm-detect-bscan-mask 2
targets -set -nocase -filter {name =~ "*microblaze*#0" && bscan=="USER2" }
rst -system
after 3000
targets -set -nocase -filter {name =~ "*microblaze*#0" && bscan=="USER2" }
dow D:/TKHTN/TKHN_CUOIKI/rfid_1/Debug/rfid_1.elf
----------------End of Script----------------

16:15:54 INFO  : Context for processor 'microblaze_0' is selected.
16:15:54 INFO  : 'con' command is executed.
16:15:54 INFO  : ----------------XSDB Script (After Launch)----------------
targets -set -nocase -filter {name =~ "*microblaze*#0" && bscan=="USER2" }
con
----------------End of Script----------------

16:15:54 INFO  : Launch script is exported to file 'D:\TKHTN\TKHN_CUOIKI\rfid_1_system\_ide\scripts\systemdebugger_rfid_1_system_standalone.tcl'
21:56:48 INFO  : Disconnected from the channel tcfchan#5.
16:16:43 INFO  : Launching XSCT server: xsct.bat -n  -interactive D:\TKHTN\TKHN_CUOIKI\temp_xsdb_launch_script.tcl
16:16:46 INFO  : XSCT server has started successfully.
16:16:46 INFO  : Successfully done setting XSCT server connection channel  
16:16:46 INFO  : plnx-install-location is set to ''
16:16:46 INFO  : Successfully done setting workspace for the tool. 
16:16:48 INFO  : Platform repository initialization has completed.
16:16:48 INFO  : Registering command handlers for Vitis TCF services
16:16:53 INFO  : Successfully done query RDI_DATADIR 
16:17:35 INFO  : Hardware specification for platform project 'design_1_wrapper' is updated.
16:18:01 INFO  : Hardware specification for platform project 'design_1_wrapper' is updated.
