Copyright 1986-2020 Xilinx, Inc. All Rights Reserved.
------------------------------------------------------------------------------------
| Tool Version : Vivado v.2020.2 (win64) Build 3064766 Wed Nov 18 09:12:45 MST 2020
| Date         : Tue Dec 30 16:37:30 2025
| Host         : meomoc running 64-bit major release  (build 9200)
| Command      : upgrade_ip
| Device       : xc7a35ticsg324-1L
------------------------------------------------------------------------------------

Upgrade Log for IP 'design_1_FRID_RECORDER_0_0'

1. Summary
----------

SUCCESS in the upgrade of design_1_FRID_RECORDER_0_0 (xilinx.com:user:FRID_RECORDER:1.0) from (Rev. 4) to (Rev. 5)






Copyright 1986-2020 Xilinx, Inc. All Rights Reserved.
------------------------------------------------------------------------------------
| Tool Version : Vivado v.2020.2 (win64) Build 3064766 Wed Nov 18 09:12:45 MST 2020
| Date         : Tue Dec 30 16:25:53 2025
| Host         : meomoc running 64-bit major release  (build 9200)
| Command      : upgrade_ip
| Device       : xc7a35ticsg324-1L
------------------------------------------------------------------------------------

Upgrade Log for IP 'design_1_FRID_RECORDER_0_0'

1. Summary
----------

SUCCESS in the upgrade of design_1_FRID_RECORDER_0_0 (xilinx.com:user:FRID_RECORDER:1.0) from (Rev. 3) to (Rev. 4)






Copyright 1986-2020 Xilinx, Inc. All Rights Reserved.
------------------------------------------------------------------------------------
| Tool Version : Vivado v.2020.2 (win64) Build 3064766 Wed Nov 18 09:12:45 MST 2020
| Date         : Tue Dec 30 15:36:18 2025
| Host         : meomoc running 64-bit major release  (build 9200)
| Command      : upgrade_ip
| Device       : xc7a35ticsg324-1L
------------------------------------------------------------------------------------

Upgrade Log for IP 'design_1_FRID_RECORDER_0_0'

1. Summary
----------

SUCCESS in the upgrade of design_1_FRID_RECORDER_0_0 (xilinx.com:user:FRID_RECORDER:1.0) from (Rev. 2) to (Rev. 3)

